<?xml version="1.0" encoding="UTF-8"?>
<!-- Generated by org.testng.reporters.JUnitReportReporter -->
<testsuite hostname="dell" failures="0" tests="1" name="TestForJenkins" time="0.010" errors="0" timestamp="2022-08-31T18:05:32 PDT" skipped="0">
  <testcase classname="TestForJenkins" name="f" time="0.010"/>
  <system-out/>
</testsuite> <!-- TestForJenkins -->
